<?xml version="1.0" encoding="UTF-8"?>
<!-- Generated by org.testng.reporters.JUnitXMLReporter -->
<testsuite hostname="DESKTOP-HI56959" ignored="0" name="Default test" tests="4" failures="0" timestamp="2020-08-16T14:53:50 IST" time="18.446" errors="0">
  <testcase name="postNewEmployee" time="9.183" classname="com.qa.data_driven_api.DataDrivenTest_AddNewEmployees"/>
  <testcase name="postNewEmployee" time="1.656" classname="com.qa.data_driven_api.DataDrivenTest_AddNewEmployees"/>
  <testcase name="postNewEmployee" time="1.135" classname="com.qa.data_driven_api.DataDrivenTest_AddNewEmployees"/>
  <testcase name="postNewEmployee" time="2.548" classname="com.qa.data_driven_api.DataDrivenTest_AddNewEmployees"/>
</testsuite> <!-- Default test -->
